<?xml version="1.0" encoding="UTF-8"?>
<!-- Generated by org.testng.reporters.JUnitXMLReporter -->
<testsuite ignored="3" hostname="Sandy-Laptop" failures="0" tests="1" name="Default test" time="6.24" errors="0" timestamp="2025-05-13T02:47:04 CEST">
  <testcase classname="tests.LoginTest" name="testAddItemToCart" time="4.325"/>
  <testcase classname="tests.LoginTest" name="testInvalidLogin" time="0.0">
    <ignored/>
  </testcase> <!-- testInvalidLogin -->
  <testcase classname="tests.LoginTest" name="testValidLogin" time="0.0">
    <ignored/>
  </testcase> <!-- testValidLogin -->
  <testcase classname="tests.LoginTest" name="testLogoutAfterLogin" time="0.0">
    <ignored/>
  </testcase> <!-- testLogoutAfterLogin -->
</testsuite> <!-- Default test -->
