<?xml version="1.0" encoding="UTF-8"?>
<!-- Generated by org.testng.reporters.JUnitXMLReporter -->
<testsuite ignored="4" hostname="Sandy-Laptop" failures="0" tests="1" name="LoginTests" time="6.687" errors="0" timestamp="2025-05-13T03:01:33 CEST">
  <testcase classname="tests.LoginTest" name="testRemoveItemFromCart" time="4.436"/>
  <testcase classname="tests.LoginTest" name="testValidLogin" time="0.0">
    <ignored/>
  </testcase> <!-- testValidLogin -->
  <testcase classname="tests.LoginTest" name="testInvalidLogin" time="0.0">
    <ignored/>
  </testcase> <!-- testInvalidLogin -->
  <testcase classname="tests.LoginTest" name="testAddItemToCart" time="0.0">
    <ignored/>
  </testcase> <!-- testAddItemToCart -->
  <testcase classname="tests.LoginTest" name="testLogoutAfterLogin" time="0.0">
    <ignored/>
  </testcase> <!-- testLogoutAfterLogin -->
</testsuite> <!-- LoginTests -->
