<?xml version="1.0" encoding="UTF-8"?>
<testng-results ignored="0" total="1" passed="1" failed="0" skipped="0">
  <reporter-output>
  </reporter-output>
  <suite started-at="2025-05-13T03:01:27 CEST" name="AutomationSuite" finished-at="2025-05-13T03:01:33 CEST" duration-ms="6687">
    <groups>
    </groups>
    <test started-at="2025-05-13T03:01:27 CEST" name="LoginTests" finished-at="2025-05-13T03:01:33 CEST" duration-ms="6687">
      <class name="tests.LoginTest">
        <test-method is-config="true" signature="setUp()[pri:0, instance:tests.LoginTest@35e2d654]" started-at="2025-05-13T03:01:27 CEST" name="setUp" finished-at="2025-05-13T03:01:29 CEST" duration-ms="2096" status="PASS">
          <reporter-output>
          </reporter-output>
        </test-method> <!-- setUp -->
        <test-method signature="testRemoveItemFromCart()[pri:5, instance:tests.LoginTest@35e2d654]" started-at="2025-05-13T03:01:29 CEST" name="testRemoveItemFromCart" finished-at="2025-05-13T03:01:33 CEST" duration-ms="4436" status="PASS">
          <reporter-output>
          </reporter-output>
        </test-method> <!-- testRemoveItemFromCart -->
        <test-method is-config="true" signature="tearDown()[pri:0, instance:tests.LoginTest@35e2d654]" started-at="2025-05-13T03:01:33 CEST" name="tearDown" finished-at="2025-05-13T03:01:33 CEST" duration-ms="130" status="PASS">
          <reporter-output>
          </reporter-output>
        </test-method> <!-- tearDown -->
      </class> <!-- tests.LoginTest -->
    </test> <!-- LoginTests -->
  </suite> <!-- AutomationSuite -->
</testng-results>
